This is MetaPost, version 2.000 (MiKTeX 2.9.6350) (MiKTeX 2.9.6350)  26 JUL 2018 22:30
**stack.mp
(G:/LaTex/MikTek/texmfs/install/metapost/base/mpost.mp
(G:/LaTex/MikTek/texmfs/install/metapost/base/plain.mp
Preloading the plain mem file, version 1.004) ) (./stack.mp
(G:/LaTex/MikTek/texmfs/install/metapost/generic/metauml/metauml.mp
(G:/LaTex/MikTek/texmfs/install/metapost/base/boxes.mp)
(G:/LaTex/MikTek/texmfs/install/metapost/generic/metauml/util_infrastructure.mp
(G:/LaTex/MikTek/texmfs/install/metapost/generic/metauml/util_log.mp))
(G:/LaTex/MikTek/texmfs/install/metapost/generic/metauml/util_object.mp
(G:/LaTex/MikTek/texmfs/install/metapost/generic/metauml/util_infrastructure.mp)
(G:/LaTex/MikTek/texmfs/install/metapost/generic/metauml/util_log.mp))
(G:/LaTex/MikTek/texmfs/install/metapost/generic/metauml/util_commons.mp
(G:/LaTex/MikTek/texmfs/install/metapost/generic/metauml/util_log.mp))
(G:/LaTex/MikTek/texmfs/install/metapost/generic/metauml/util_margins.mp)
(G:/LaTex/MikTek/texmfs/install/metapost/generic/metauml/util_picture.mp
(G:/LaTex/MikTek/texmfs/install/metapost/generic/metauml/util_log.mp)
(G:/LaTex/MikTek/texmfs/install/metapost/generic/metauml/util_margins.mp))
(G:/LaTex/MikTek/texmfs/install/metapost/generic/metauml/util_group.mp
(G:/LaTex/MikTek/texmfs/install/metapost/generic/metauml/util_object.mp)
(G:/LaTex/MikTek/texmfs/install/metapost/generic/metauml/util_commons.mp)
(G:/LaTex/MikTek/texmfs/install/metapost/generic/metauml/util_margins.mp)
(G:/LaTex/MikTek/texmfs/install/metapost/generic/metauml/util_log.mp))
(G:/LaTex/MikTek/texmfs/install/metapost/generic/metauml/util_picture_stack.mp
(G:/LaTex/MikTek/texmfs/install/metapost/generic/metauml/util_picture.mp)
(G:/LaTex/MikTek/texmfs/install/metapost/generic/metauml/util_commons.mp)
(G:/LaTex/MikTek/texmfs/install/metapost/generic/metauml/util_group.mp)
(G:/LaTex/MikTek/texmfs/install/metapost/generic/metauml/util_log.mp))
(G:/LaTex/MikTek/texmfs/install/metapost/generic/metauml/util_positioning.mp
(G:/LaTex/MikTek/texmfs/install/metapost/generic/metauml/util_log.mp))
(G:/LaTex/MikTek/texmfs/install/metapost/generic/metauml/util_shade.mp
(G:/LaTex/MikTek/texmfs/install/metapost/generic/metauml/util_log.mp))
(G:/LaTex/MikTek/texmfs/install/metapost/generic/metauml/metauml_base.mp
(G:/LaTex/MikTek/texmfs/install/metapost/generic/metauml/util_log.mp))
(G:/LaTex/MikTek/texmfs/install/metapost/generic/metauml/metauml_links.mp)
(G:/LaTex/MikTek/texmfs/install/metapost/generic/metauml/metauml_paths.mp)
(G:/LaTex/MikTek/texmfs/install/metapost/generic/metauml/metauml_note.mp
(G:/LaTex/MikTek/texmfs/install/metapost/generic/metauml/metauml_defaults.mp)
(G:/LaTex/MikTek/texmfs/install/metapost/generic/metauml/util_log.mp)
(G:/LaTex/MikTek/texmfs/install/metapost/generic/metauml/util_object.mp)
(G:/LaTex/MikTek/texmfs/install/metapost/generic/metauml/util_picture_stack.mp)
(G:/LaTex/MikTek/texmfs/install/metapost/generic/metauml/util_shade.mp)
(G:/LaTex/MikTek/texmfs/install/metapost/generic/metauml/util_margins.mp))
(G:/LaTex/MikTek/texmfs/install/metapost/generic/metauml/metauml_stereotype.mp
(G:/LaTex/MikTek/texmfs/install/metapost/generic/metauml/metauml_defaults.mp))
(G:/LaTex/MikTek/texmfs/install/metapost/generic/metauml/metauml_class_clipart.mp
(G:/LaTex/MikTek/texmfs/install/metapost/generic/metauml/util_log.mp))
(G:/LaTex/MikTek/texmfs/install/metapost/generic/metauml/metauml_class.mp
(G:/LaTex/MikTek/texmfs/install/metapost/generic/metauml/metauml_defaults.mp)
(G:/LaTex/MikTek/texmfs/install/metapost/generic/metauml/util_log.mp)
(G:/LaTex/MikTek/texmfs/install/metapost/generic/metauml/util_picture.mp)
(G:/LaTex/MikTek/texmfs/install/metapost/generic/metauml/util_picture_stack.mp)
(G:/LaTex/MikTek/texmfs/install/metapost/generic/metauml/util_shade.mp))
(G:/LaTex/MikTek/texmfs/install/metapost/generic/metauml/metauml_instance.mp
(G:/LaTex/MikTek/texmfs/install/metapost/generic/metauml/metauml_defaults.mp)
(G:/LaTex/MikTek/texmfs/install/metapost/generic/metauml/util_log.mp)
(G:/LaTex/MikTek/texmfs/install/metapost/generic/metauml/util_picture.mp)
(G:/LaTex/MikTek/texmfs/install/metapost/generic/metauml/util_picture_stack.mp)
(G:/LaTex/MikTek/texmfs/install/metapost/generic/metauml/util_shade.mp))
(G:/LaTex/MikTek/texmfs/install/metapost/generic/metauml/metauml_class_relations.mp)
(G:/LaTex/MikTek/texmfs/install/metapost/generic/metauml/metauml_class_assoc.mp
(G:/LaTex/MikTek/texmfs/install/metapost/generic/metauml/util_log.mp)
(G:/LaTex/MikTek/texmfs/install/metapost/generic/metauml/metauml_defaults.mp))
(G:/LaTex/MikTek/texmfs/install/metapost/generic/metauml/metauml_package.mp
(G:/LaTex/MikTek/texmfs/install/metapost/generic/metauml/metauml_defaults.mp)
(G:/LaTex/MikTek/texmfs/install/metapost/generic/metauml/util_log.mp))
(G:/LaTex/MikTek/texmfs/install/metapost/generic/metauml/metauml_package_relations.mp)
(G:/LaTex/MikTek/texmfs/install/metapost/generic/metauml/metauml_behavioral_common.mp
(G:/LaTex/MikTek/texmfs/install/metapost/generic/metauml/util_log.mp))
(G:/LaTex/MikTek/texmfs/install/metapost/generic/metauml/metauml_activity.mp
(G:/LaTex/MikTek/texmfs/install/metapost/generic/metauml/metauml_defaults.mp)
(G:/LaTex/MikTek/texmfs/install/metapost/generic/metauml/util_log.mp))
(G:/LaTex/MikTek/texmfs/install/metapost/generic/metauml/metauml_state.mp
(G:/LaTex/MikTek/texmfs/install/metapost/generic/metauml/metauml_defaults.mp)
(G:/LaTex/MikTek/texmfs/install/metapost/generic/metauml/util_log.mp))
(G:/LaTex/MikTek/texmfs/install/metapost/generic/metauml/metauml_usecase_clipart.mp
(G:/LaTex/MikTek/texmfs/install/metapost/generic/metauml/util_log.mp))
(G:/LaTex/MikTek/texmfs/install/metapost/generic/metauml/metauml_usecase.mp
(G:/LaTex/MikTek/texmfs/install/metapost/generic/metauml/metauml_defaults.mp)
(G:/LaTex/MikTek/texmfs/install/metapost/generic/metauml/util_log.mp))
(G:/LaTex/MikTek/texmfs/install/metapost/generic/metauml/metauml_templates.mp
(G:/LaTex/MikTek/texmfs/install/metapost/generic/metauml/metauml_defaults.mp)
(G:/LaTex/MikTek/texmfs/install/metapost/generic/metauml/util_log.mp))) [1] )
1 output file written: stack.1

