This is pdfTeX, Version 3.14159265-2.6-1.40.18 (MiKTeX 2.9.6350) (preloaded format=pdflatex 2018.1.31)  11 AUG 2018 16:38
entering extended mode
**./Graphing_-_Programming_Project.tex
(Graphing_-_Programming_Project.tex
LaTeX2e <2017-04-15>
Babel <3.10> and hyphenation patterns for 1 language(s) loaded.
(G:\LaTex\MikTek\texmfs\install\tex\latex\base\article.cls
Document Class: article 2014/09/29 v1.4h Standard LaTeX document class
(G:\LaTex\MikTek\texmfs\install\tex\latex\base\size10.clo
File: size10.clo 2014/09/29 v1.4h Standard LaTeX file (size option)
)
\c@part=\count79
\c@section=\count80
\c@subsection=\count81
\c@subsubsection=\count82
\c@paragraph=\count83
\c@subparagraph=\count84
\c@figure=\count85
\c@table=\count86
\abovecaptionskip=\skip41
\belowcaptionskip=\skip42
\bibindent=\dimen102
)
(G:\LaTex\MikTek\texmfs\install\tex\latex\preprint\fullpage.sty
Package: fullpage 1999/02/23 1.1 (PWD)
\FP@margin=\skip43
)
(G:\LaTex\MikTek\texmfs\install\tex\latex\wrapfig\wrapfig.sty
\wrapoverhang=\dimen103
\WF@size=\dimen104
\c@WF@wrappedlines=\count87
\WF@box=\box26
\WF@everypar=\toks14
Package: wrapfig 2003/01/31  v 3.6
)
(G:\LaTex\MikTek\texmfs\install\tex\latex\graphics\graphicx.sty
Package: graphicx 2014/10/28 v1.0g Enhanced LaTeX Graphics (DPC,SPQR)

(G:\LaTex\MikTek\texmfs\install\tex\latex\graphics\keyval.sty
Package: keyval 2014/10/28 v1.15 key=value parser (DPC)
\KV@toks@=\toks15
)
(G:\LaTex\MikTek\texmfs\install\tex\latex\graphics\graphics.sty
Package: graphics 2017/04/14 v1.1b Standard LaTeX Graphics (DPC,SPQR)

(G:\LaTex\MikTek\texmfs\install\tex\latex\graphics\trig.sty
Package: trig 2016/01/03 v1.10 sin cos tan (DPC)
)
(G:\LaTex\MikTek\texmfs\install\tex\latex\graphics-cfg\graphics.cfg
File: graphics.cfg 2016/06/04 v1.11 sample graphics configuration
)
Package graphics Info: Driver file: pdftex.def on input line 99.

(G:\LaTex\MikTek\texmfs\install\tex\latex\graphics-def\pdftex.def
File: pdftex.def 2017/01/12 v0.06k Graphics/color for pdfTeX

(G:\LaTex\MikTek\texmfs\install\tex\generic\oberdiek\infwarerr.sty
Package: infwarerr 2016/05/16 v1.4 Providing info/warning/error messages (HO)
)
(G:\LaTex\MikTek\texmfs\install\tex\generic\oberdiek\ltxcmds.sty
Package: ltxcmds 2016/05/16 v1.23 LaTeX kernel commands for general use (HO)
)
\Gread@gobject=\count88
))
\Gin@req@height=\dimen105
\Gin@req@width=\dimen106
)
(G:\LaTex\MikTek\texmfs\install\tex\latex\amsfonts\amssymb.sty
Package: amssymb 2013/01/14 v3.01 AMS font symbols

(G:\LaTex\MikTek\texmfs\install\tex\latex\amsfonts\amsfonts.sty
Package: amsfonts 2013/01/14 v3.01 Basic AMSFonts support
\@emptytoks=\toks16
\symAMSa=\mathgroup4
\symAMSb=\mathgroup5
LaTeX Font Info:    Overwriting math alphabet `\mathfrak' in version `bold'
(Font)                  U/euf/m/n --> U/euf/b/n on input line 106.
))
(G:\LaTex\MikTek\texmfs\install\tex\latex\tensor\tensor.sty
Package: tensor 2004/12/20 v2.1 tensor indices package (PGR)
\tnsr@Sps=\toks17
\tnsr@Sbs=\toks18
\tnsr@Spe=\toks19
\tnsr@Sbe=\toks20
\ncld@Mno=\toks21
)
(G:\LaTex\MikTek\texmfs\install\tex\latex\tools\array.sty
Package: array 2016/10/06 v2.4d Tabular extension package (FMi)
\col@sep=\dimen107
\extrarowheight=\dimen108
\NC@list=\toks22
\extratabsurround=\skip44
\backup@length=\skip45
)
(G:\LaTex\MikTek\texmfs\install\tex\latex\float\float.sty
Package: float 2001/11/08 v1.3d Float enhancements (AL)
\c@float@type=\count89
\float@exts=\toks23
\float@box=\box27
\@float@everytoks=\toks24
\@floatcapt=\box28
)
(G:\LaTex\MikTek\texmfs\install\tex\latex\titlesec\titlesec.sty
Package: titlesec 2016/03/21 v2.10.2 Sectioning titles
\ttl@box=\box29
\beforetitleunit=\skip46
\aftertitleunit=\skip47
\ttl@plus=\dimen109
\ttl@minus=\dimen110
\ttl@toksa=\toks25
\titlewidth=\dimen111
\titlewidthlast=\dimen112
\titlewidthfirst=\dimen113
)
(G:\LaTex\MikTek\texmfs\install\tex\latex\amsmath\amsmath.sty
Package: amsmath 2016/11/05 v2.16a AMS math features
\@mathmargin=\skip48

For additional information on amsmath, use the `?' option.
(G:\LaTex\MikTek\texmfs\install\tex\latex\amsmath\amstext.sty
Package: amstext 2000/06/29 v2.01 AMS text

(G:\LaTex\MikTek\texmfs\install\tex\latex\amsmath\amsgen.sty
File: amsgen.sty 1999/11/30 v2.0 generic functions
\@emptytoks=\toks26
\ex@=\dimen114
))
(G:\LaTex\MikTek\texmfs\install\tex\latex\amsmath\amsbsy.sty
Package: amsbsy 1999/11/29 v1.2d Bold Symbols
\pmbraise@=\dimen115
)
(G:\LaTex\MikTek\texmfs\install\tex\latex\amsmath\amsopn.sty
Package: amsopn 2016/03/08 v2.02 operator names
)
\inf@bad=\count90
LaTeX Info: Redefining \frac on input line 213.
\uproot@=\count91
\leftroot@=\count92
LaTeX Info: Redefining \overline on input line 375.
\classnum@=\count93
\DOTSCASE@=\count94
LaTeX Info: Redefining \ldots on input line 472.
LaTeX Info: Redefining \dots on input line 475.
LaTeX Info: Redefining \cdots on input line 596.
\Mathstrutbox@=\box30
\strutbox@=\box31
\big@size=\dimen116
LaTeX Font Info:    Redeclaring font encoding OML on input line 712.
LaTeX Font Info:    Redeclaring font encoding OMS on input line 713.
\macc@depth=\count95
\c@MaxMatrixCols=\count96
\dotsspace@=\muskip10
\c@parentequation=\count97
\dspbrk@lvl=\count98
\tag@help=\toks27
\row@=\count99
\column@=\count100
\maxfields@=\count101
\andhelp@=\toks28
\eqnshift@=\dimen117
\alignsep@=\dimen118
\tagshift@=\dimen119
\tagwidth@=\dimen120
\totwidth@=\dimen121
\lineht@=\dimen122
\@envbody=\toks29
\multlinegap=\skip49
\multlinetaggap=\skip50
\mathdisplay@stack=\toks30
LaTeX Info: Redefining \[ on input line 2817.
LaTeX Info: Redefining \] on input line 2818.
)
(G:\LaTex\MikTek\texmfs\install\tex\latex\cancel\cancel.sty
Package: cancel 2013/04/12 v2.2 Cancel math terms
)
(G:\LaTex\MikTek\texmfs\install\tex\latex\commath\commath.sty
(G:\LaTex\MikTek\texmfs\install\tex\latex\base\ifthen.sty
Package: ifthen 2014/09/29 v1.1c Standard LaTeX ifthen package (DPC)
))
(G:\LaTex\MikTek\texmfs\install\tex\latex\qtree\qtree.sty
Package: 2008/12/12 v.3.1bQtree: tree-drawing for linguistics
Package: qtree 2008/12/12 v.3.1bQtree: tree-drawing for linguistics
(G:\LaTex\MikTek\texmfs\install\tex\latex\pict2e\pict2e.sty
Package: pict2e 2016/02/05 v0.3b Improved picture commands (HjG,RN,JT)

(G:\LaTex\MikTek\texmfs\install\tex\latex\pict2e\pict2e.cfg
File: pict2e.cfg 2016/02/05 v0.1u pict2e configuration for teTeX/TeXLive
)
Package pict2e Info: Driver file: pdftex.def on input line 119.
Package pict2e Info: Driver file for pict2e: p2e-pdftex.def on input line 121.

(G:\LaTex\MikTek\texmfs\install\tex\latex\pict2e\p2e-pdftex.def
File: p2e-pdftex.def 2016/02/05 v0.1u Driver-dependant file (RN,HjG,JT)
)
\pIIe@GRAPH=\toks31
\@arclen=\dimen123
\@arcrad=\dimen124
\@tempdimd=\dimen125
)
\c@treecount=\count102
\c@branchcount=\count103
\parentbox=\box32
\treebox=\box33
\treeboxone=\box34
\treeboxtwo=\box35
\treeboxthree=\box36
\treeboxfour=\box37
\treeboxfive=\box38
\treeboxsix=\box39
\treeboxseven=\box40
\treeboxeight=\box41
\treeboxnine=\box42
\treeboxten=\box43
\treeboxeleven=\box44
\treeboxtwelve=\box45
\treeboxthirteen=\box46
\treeboxfourteen=\box47
\treeboxfifteen=\box48
\treeboxsixteen=\box49
\treeboxseventeen=\box50
\treeboxeighteen=\box51
\treeboxnineteen=\box52
\treeboxtwenty=\box53
\treeoffsetone=\skip51
\treeoffsettwo=\skip52
\treeoffsetthree=\skip53
\treeoffsetfour=\skip54
\treeoffsetfive=\skip55
\treeoffsetsix=\skip56
\treeoffsetseven=\skip57
\treeoffseteight=\skip58
\treeoffsetnine=\skip59
\treeoffsetten=\skip60
\treeoffseteleven=\skip61
\treeoffsettwelve=\skip62
\treeoffsetthirteen=\skip63
\treeoffsetfourteen=\skip64
\treeoffsetfifteen=\skip65
\treeoffsetsixteen=\skip66
\treeoffsetseventeen=\skip67
\treeoffseteighteen=\skip68
\treeoffsetnineteen=\skip69
\treeoffsettwenty=\skip70
\treeshiftone=\skip71
\treeshifttwo=\skip72
\treeshiftthree=\skip73
\treeshiftfour=\skip74
\treeshiftfive=\skip75
\treeshiftsix=\skip76
\treeshiftseven=\skip77
\treeshifteight=\skip78
\treeshiftnine=\skip79
\treeshiftten=\skip80
\treeshifteleven=\skip81
\treeshifttwelve=\skip82
\treeshiftthirteen=\skip83
\treeshiftfourteen=\skip84
\treeshiftfifteen=\skip85
\treeshiftsixteen=\skip86
\treeshiftseventeen=\skip87
\treeshifteighteen=\skip88
\treeshiftnineteen=\skip89
\treeshifttwenty=\skip90
\treewidthone=\skip91
\treewidthtwo=\skip92
\treewidththree=\skip93
\treewidthfour=\skip94
\treewidthfive=\skip95
\treewidthsix=\skip96
\treewidthseven=\skip97
\treewidtheight=\skip98
\treewidthnine=\skip99
\treewidthten=\skip100
\treewidtheleven=\skip101
\treewidthtwelve=\skip102
\treewidththirteen=\skip103
\treewidthfourteen=\skip104
\treewidthfifteen=\skip105
\treewidthsixteen=\skip106
\treewidthseventeen=\skip107
\treewidtheighteen=\skip108
\treewidthnineteen=\skip109
\treewidthtwenty=\skip110
\daughteroffsetone=\skip111
\daughteroffsettwo=\skip112
\daughteroffsetthree=\skip113
\daughteroffsetfour=\skip114
\branchwidthone=\skip115
\branchwidthtwo=\skip116
\branchwidththree=\skip117
\branchwidthfour=\skip118
\parentoffset=\skip119
\treeoffset=\skip120
\daughteroffset=\skip121
\branchwidth=\skip122
\parentwidth=\skip123
\treewidth=\skip124
\qta=\toks32
\qtb=\toks33
\nbranches=\count104
\qroofx=\count105
\qroofy=\count106
\@qrscratchbox=\box54
)
(G:\LaTex\MikTek\texmfs\install\tex\latex\algorithm2e\algorithm2e.sty
Package: algorithm2e 2017/07/18 v5.2 algorithms environments
\c@AlgoLine=\count107
\algocf@hangindent=\skip125

(G:\LaTex\MikTek\texmfs\install\tex\latex\ifoddpage\ifoddpage.sty
Package: ifoddpage 2016/04/23 v1.1 Conditionals for odd/even page detection
\c@checkoddpage=\count108
)
(G:\LaTex\MikTek\texmfs\install\tex\latex\tools\xspace.sty
Package: xspace 2014/10/28 v1.13 Space after command names (DPC,MH)
)
(G:\LaTex\MikTek\texmfs\install\tex\latex\ltxmisc\relsize.sty
Package: relsize 2003/07/04 ver 3.1
)
\skiptotal=\skip126
\skiplinenumber=\skip127
\skiprule=\skip128
\skiphlne=\skip129
\skiptext=\skip130
\skiplength=\skip131
\algomargin=\skip132
\skipalgocfslide=\skip133
\algowidth=\dimen126
\inoutsize=\dimen127
\inoutindent=\dimen128
\interspacetitleruled=\dimen129
\interspacealgoruled=\dimen130
\interspacetitleboxruled=\dimen131
\algocf@ruledwidth=\skip134
\algocf@inoutbox=\box55
\algocf@inputbox=\box56
\AlCapSkip=\skip135
\AlCapHSkip=\skip136
\algoskipindent=\skip137
\algocf@nlbox=\box57
\algocf@hangingbox=\box58
\algocf@untilbox=\box59
\algocf@skipuntil=\skip138
\algocf@capbox=\box60
\algocf@lcaptionbox=\skip139
\algoheightruledefault=\skip140
\algoheightrule=\skip141
\algotitleheightruledefault=\skip142
\algotitleheightrule=\skip143
\c@algocfline=\count109
\c@algocfproc=\count110
\c@algocf=\count111
\algocf@algoframe=\box61
\algocf@algobox=\box62
)
(G:\LaTex\MikTek\texmfs\install\tex\latex\caption\caption.sty
Package: caption 2018/05/01 v3.3-147 Customizing captions (AR)

(G:\LaTex\MikTek\texmfs\install\tex\latex\caption\caption3.sty
Package: caption3 2018/05/27 v1.8a caption3 kernel (AR)
Package caption3 Info: TeX engine: e-TeX on input line 64.
\captionmargin=\dimen132
\captionmargin@=\dimen133
\captionwidth=\dimen134
\caption@tempdima=\dimen135
\caption@indent=\dimen136
\caption@parindent=\dimen137
\caption@hangindent=\dimen138
)
\c@ContinuedFloat=\count112
Package caption Info: float package is loaded.
Package caption Info: wrapfig package is loaded.
)
(G:\LaTex\MikTek\texmfs\install\tex\latex\caption\subcaption.sty
Package: subcaption 2018/05/01 v1.1-162 Sub-captions (AR)
\c@subfigure=\count113
\c@subtable=\count114
)
(G:\LaTex\MikTek\texmfs\install\tex\latex\minted\minted.sty
Package: minted 2017/07/19 v2.5 Yet another Pygments shim for LaTeX

(G:\LaTex\MikTek\texmfs\install\tex\latex\oberdiek\kvoptions.sty
Package: kvoptions 2016/05/16 v3.12 Key value format for package options (HO)

(G:\LaTex\MikTek\texmfs\install\tex\generic\oberdiek\kvsetkeys.sty
Package: kvsetkeys 2016/05/16 v1.17 Key value parser (HO)

(G:\LaTex\MikTek\texmfs\install\tex\generic\oberdiek\etexcmds.sty
Package: etexcmds 2016/05/16 v1.6 Avoid name clashes with e-TeX commands (HO)

(G:\LaTex\MikTek\texmfs\install\tex\generic\oberdiek\ifluatex.sty
Package: ifluatex 2016/05/16 v1.4 Provides the ifluatex switch (HO)
Package ifluatex Info: LuaTeX not detected.
)
Package etexcmds Info: Could not find \expanded.
(etexcmds)             That can mean that you are not using pdfTeX 1.50 or
(etexcmds)             that some package has redefined \expanded.
(etexcmds)             In the latter case, load this package earlier.
)))
(G:\LaTex\MikTek\texmfs\install\tex\latex\fvextra\fvextra.sty
Package: fvextra 2017/07/08 v1.3.1 fvextra - extensions and patches for fancyvr
b

(G:\LaTex\MikTek\texmfs\install\tex\latex\etoolbox\etoolbox.sty
Package: etoolbox 2018/02/11 v2.5e e-TeX tools for LaTeX (JAW)
\etb@tempcnta=\count115
)
(G:\LaTex\MikTek\texmfs\install\tex\latex\fancyvrb\fancyvrb.sty
Package: fancyvrb 2008/02/07

Style option: `fancyvrb' v2.7a, with DG/SPQR fixes, and firstline=lastline fix 
<2008/02/07> (tvz)
\FV@CodeLineNo=\count116
\FV@InFile=\read1
\FV@TabBox=\box63
\c@FancyVerbLine=\count117
\FV@StepNumber=\count118
\FV@OutFile=\write3
)
(G:\LaTex\MikTek\texmfs\install\tex\latex\upquote\upquote.sty
Package: upquote 2012/04/19 v1.3 upright-quote and grave-accent glyphs in verba
tim
)
(G:\LaTex\MikTek\texmfs\install\tex\latex\lineno\lineno.sty
Package: lineno 2005/11/02 line numbers on paragraphs v4.41
\linenopenalty=\count119
\output=\toks34
\linenoprevgraf=\count120
\linenumbersep=\dimen139
\linenumberwidth=\dimen140
\c@linenumber=\count121
\c@pagewiselinenumber=\count122
\c@LN@truepage=\count123
\c@internallinenumber=\count124
\c@internallinenumbers=\count125
\quotelinenumbersep=\dimen141
\bframerule=\dimen142
\bframesep=\dimen143
\bframebox=\box64
LaTeX Info: Redefining \\ on input line 3056.
)
\c@FV@TrueTabGroupLevel=\count126
\c@FV@TrueTabCounter=\count127
\FV@TabBox@Group=\box65
\FV@TmpLength=\skip144
\c@FV@HighlightLinesStart=\count128
\c@FV@HighlightLinesStop=\count129
\FV@LoopCount=\count130
\FV@NCharsBox=\box66
\FV@BreakIndent=\dimen144
\FV@BreakIndentNChars=\count131
\FV@BreakSymbolSepLeft=\dimen145
\FV@BreakSymbolSepLeftNChars=\count132
\FV@BreakSymbolSepRight=\dimen146
\FV@BreakSymbolSepRightNChars=\count133
\FV@BreakSymbolIndentLeft=\dimen147
\FV@BreakSymbolIndentLeftNChars=\count134
\FV@BreakSymbolIndentRight=\dimen148
\FV@BreakSymbolIndentRightNChars=\count135
\c@FancyVerbLineBreakLast=\count136
\FV@LineBox=\box67
\FV@LineIndentBox=\box68
)
(G:\LaTex\MikTek\texmfs\install\tex\latex\tools\calc.sty
Package: calc 2014/10/28 v4.3 Infix arithmetic (KKT,FJ)
\calc@Acount=\count137
\calc@Bcount=\count138
\calc@Adimen=\dimen149
\calc@Bdimen=\dimen150
\calc@Askip=\skip145
\calc@Bskip=\skip146
LaTeX Info: Redefining \setlength on input line 80.
LaTeX Info: Redefining \addtolength on input line 81.
\calc@Ccount=\count139
\calc@Cskip=\skip147
)
(G:\LaTex\MikTek\texmfs\install\tex\latex\tools\shellesc.sty
Package: shellesc 2016/06/07 v0.02a unified shell escape interface for LaTeX
Package shellesc Info: Unrestricted shell escape enabled on input line 67.
)
(G:\LaTex\MikTek\texmfs\install\tex\latex\ifplatform\ifplatform.sty
Package: ifplatform 2017/10/13 v0.4a Testing for the operating system

(G:\LaTex\MikTek\texmfs\install\tex\generic\oberdiek\pdftexcmds.sty
Package: pdftexcmds 2017/03/19 v0.25 Utility functions of pdfTeX for LuaTeX (HO
)

(G:\LaTex\MikTek\texmfs\install\tex\generic\oberdiek\ifpdf.sty
Package: ifpdf 2017/03/15 v3.2 Provides the ifpdf switch
)
Package pdftexcmds Info: LuaTeX not detected.
Package pdftexcmds Info: \pdf@primitive is available.
Package pdftexcmds Info: \pdf@ifprimitive is available.
Package pdftexcmds Info: \pdfdraftmode found.
)
(G:\LaTex\MikTek\texmfs\install\tex\generic\oberdiek\catchfile.sty
Package: catchfile 2016/05/16 v1.7 Catch the contents of a file (HO)
))
(G:\LaTex\MikTek\texmfs\install\tex\latex\xstring\xstring.sty
(G:\LaTex\MikTek\texmfs\install\tex\generic\xstring\xstring.tex
\@xs@message=\write4
\integerpart=\count140
\decimalpart=\count141
)
Package: xstring 2013/10/13  v1.7c  String manipulations (C Tellechea)
)
(G:\LaTex\MikTek\texmfs\install\tex\latex\framed\framed.sty
Package: framed 2011/10/22 v 0.96: framed or shaded text with page breaks
\OuterFrameSep=\skip148
\fb@frw=\dimen151
\fb@frh=\dimen152
\FrameRule=\dimen153
\FrameSep=\dimen154
)
\minted@appexistsfile=\read2
\minted@bgbox=\box69
\minted@code=\write5
\c@minted@FancyVerbLineTemp=\count142
\c@minted@pygmentizecounter=\count143
\@float@every@listing=\toks35
\c@listing=\count144
)
runsystem(if not exist _minted-Graphing_-_Programming_Project mkdir _minted-Gra
phing_-_Programming_Project)...executed.


(G:\LaTex\MikTek\texmfs\install\tex\latex\hyperref\hyperref.sty
Package: hyperref 2017/03/14 v6.85a Hypertext links for LaTeX

(G:\LaTex\MikTek\texmfs\install\tex\generic\oberdiek\hobsub-hyperref.sty
Package: hobsub-hyperref 2016/05/16 v1.14 Bundle oberdiek, subset hyperref (HO)


(G:\LaTex\MikTek\texmfs\install\tex\generic\oberdiek\hobsub-generic.sty
Package: hobsub-generic 2016/05/16 v1.14 Bundle oberdiek, subset generic (HO)
Package: hobsub 2016/05/16 v1.14 Construct package bundles (HO)
Package hobsub Info: Skipping package `infwarerr' (already loaded).
Package hobsub Info: Skipping package `ltxcmds' (already loaded).
Package hobsub Info: Skipping package `ifluatex' (already loaded).
Package: ifvtex 2016/05/16 v1.6 Detect VTeX and its facilities (HO)
Package ifvtex Info: VTeX not detected.
Package: intcalc 2016/05/16 v1.2 Expandable calculations with integers (HO)
Package hobsub Info: Skipping package `ifpdf' (already loaded).
Package hobsub Info: Skipping package `etexcmds' (already loaded).
Package hobsub Info: Skipping package `kvsetkeys' (already loaded).
Package: kvdefinekeys 2016/05/16 v1.4 Define keys (HO)
Package hobsub Info: Skipping package `pdftexcmds' (already loaded).
Package: pdfescape 2016/05/16 v1.14 Implements pdfTeX's escape features (HO)
Package: bigintcalc 2016/05/16 v1.4 Expandable calculations on big integers (HO
)
Package: bitset 2016/05/16 v1.2 Handle bit-vector datatype (HO)
Package: uniquecounter 2016/05/16 v1.3 Provide unlimited unique counter (HO)
)
Package hobsub Info: Skipping package `hobsub' (already loaded).
Package: letltxmacro 2016/05/16 v1.5 Let assignment for LaTeX macros (HO)
Package: hopatch 2016/05/16 v1.3 Wrapper for package hooks (HO)
Package: xcolor-patch 2016/05/16 xcolor patch
Package: atveryend 2016/05/16 v1.9 Hooks at the very end of document (HO)
Package: atbegshi 2016/06/09 v1.18 At begin shipout hook (HO)
Package: refcount 2016/05/16 v3.5 Data extraction from label references (HO)
Package: hycolor 2016/05/16 v1.8 Color options for hyperref/bookmark (HO)
)
(G:\LaTex\MikTek\texmfs\install\tex\generic\ifxetex\ifxetex.sty
Package: ifxetex 2010/09/12 v0.6 Provides ifxetex conditional
)
(G:\LaTex\MikTek\texmfs\install\tex\latex\oberdiek\auxhook.sty
Package: auxhook 2016/05/16 v1.4 Hooks for auxiliary files (HO)
)
\@linkdim=\dimen155
\Hy@linkcounter=\count145
\Hy@pagecounter=\count146

(G:\LaTex\MikTek\texmfs\install\tex\latex\hyperref\pd1enc.def
File: pd1enc.def 2017/03/14 v6.85a Hyperref: PDFDocEncoding definition (HO)
)
\Hy@SavedSpaceFactor=\count147

(G:\LaTex\MikTek\texmfs\install\tex\latex\00miktex\hyperref.cfg
File: hyperref.cfg 2002/06/06 v1.2 hyperref configuration of TeXLive
)
Package hyperref Info: Hyper figures OFF on input line 4498.
Package hyperref Info: Link nesting OFF on input line 4503.
Package hyperref Info: Hyper index ON on input line 4506.
Package hyperref Info: Plain pages OFF on input line 4513.
Package hyperref Info: Backreferencing OFF on input line 4518.
Package hyperref Info: Implicit mode ON; LaTeX internals redefined.
Package hyperref Info: Bookmarks ON on input line 4751.
\c@Hy@tempcnt=\count148

(G:\LaTex\MikTek\texmfs\install\tex\latex\url\url.sty
\Urlmuskip=\muskip11
Package: url 2013/09/16  ver 3.4  Verb mode for urls, etc.
)
LaTeX Info: Redefining \url on input line 5104.
\XeTeXLinkMargin=\dimen156
\Fld@menulength=\count149
\Field@Width=\dimen157
\Fld@charsize=\dimen158
Package hyperref Info: Hyper figures OFF on input line 6358.
Package hyperref Info: Link nesting OFF on input line 6363.
Package hyperref Info: Hyper index ON on input line 6366.
Package hyperref Info: backreferencing OFF on input line 6373.
Package hyperref Info: Link coloring OFF on input line 6378.
Package hyperref Info: Link coloring with OCG OFF on input line 6383.
Package hyperref Info: PDF/A mode OFF on input line 6388.
LaTeX Info: Redefining \ref on input line 6428.
LaTeX Info: Redefining \pageref on input line 6432.
\Hy@abspage=\count150
\c@Item=\count151
\c@Hfootnote=\count152
)

Package hyperref Message: Driver (autodetected): hpdftex.

(G:\LaTex\MikTek\texmfs\install\tex\latex\hyperref\hpdftex.def
File: hpdftex.def 2017/03/14 v6.85a Hyperref driver for pdfTeX
\Fld@listcount=\count153
\c@bookmark@seq@number=\count154

(G:\LaTex\MikTek\texmfs\install\tex\latex\oberdiek\rerunfilecheck.sty
Package: rerunfilecheck 2016/05/16 v1.8 Rerun checks for auxiliary files (HO)
Package uniquecounter Info: New unique counter `rerunfilecheck' on input line 2
82.
)
\Hy@SectionHShift=\skip149
)
\c@subsubsubsection=\count155

(G:\LaTex\MikTek\texmfs\install\tex\latex\xcolor\xcolor.sty
Package: xcolor 2016/05/11 v2.12 LaTeX color extensions (UK)

(G:\LaTex\MikTek\texmfs\install\tex\latex\graphics-cfg\color.cfg
File: color.cfg 2016/01/02 v1.6 sample color configuration
)
Package xcolor Info: Driver file: pdftex.def on input line 225.
Package xcolor Info: Model `cmy' substituted by `cmy0' on input line 1348.
Package xcolor Info: Model `hsb' substituted by `rgb' on input line 1352.
Package xcolor Info: Model `RGB' extended on input line 1364.
Package xcolor Info: Model `HTML' substituted by `rgb' on input line 1366.
Package xcolor Info: Model `Hsb' substituted by `hsb' on input line 1367.
Package xcolor Info: Model `tHsb' substituted by `hsb' on input line 1368.
Package xcolor Info: Model `HSB' substituted by `hsb' on input line 1369.
Package xcolor Info: Model `Gray' substituted by `gray' on input line 1370.
Package xcolor Info: Model `wave' substituted by `hsb' on input line 1371.
)
runsystem(for ^%i in (pygmentize.exe pygmentize.bat pygmentize.cmd) do set > Gr
aphing_-_Programming_Project.aex <nul: /p x=^%~$PATH:i>> Graphing_-_Programming
_Project.aex)...executed.

runsystem(del Graphing_-_Programming_Project.aex)...executed.


(Graphing_-_Programming_Project.aux)
\openout1 = `Graphing_-_Programming_Project.aux'.

LaTeX Font Info:    Checking defaults for OML/cmm/m/it on input line 71.
LaTeX Font Info:    ... okay on input line 71.
LaTeX Font Info:    Checking defaults for T1/cmr/m/n on input line 71.
LaTeX Font Info:    ... okay on input line 71.
LaTeX Font Info:    Checking defaults for OT1/cmr/m/n on input line 71.
LaTeX Font Info:    ... okay on input line 71.
LaTeX Font Info:    Checking defaults for OMS/cmsy/m/n on input line 71.
LaTeX Font Info:    ... okay on input line 71.
LaTeX Font Info:    Checking defaults for OMX/cmex/m/n on input line 71.
LaTeX Font Info:    ... okay on input line 71.
LaTeX Font Info:    Checking defaults for U/cmr/m/n on input line 71.
LaTeX Font Info:    ... okay on input line 71.
LaTeX Font Info:    Checking defaults for PD1/pdf/m/n on input line 71.
LaTeX Font Info:    ... okay on input line 71.

(G:\LaTex\MikTek\texmfs\install\tex\context\base\supp-pdf.mkii
[Loading MPS to PDF converter (version 2006.09.02).]
\scratchcounter=\count156
\scratchdimen=\dimen159
\scratchbox=\box70
\nofMPsegments=\count157
\nofMParguments=\count158
\everyMPshowfont=\toks36
\MPscratchCnt=\count159
\MPscratchDim=\dimen160
\MPnumerator=\count160
\makeMPintoPDFobject=\count161
\everyMPtoPDFconversion=\toks37
) (G:\LaTex\MikTek\texmfs\install\tex\latex\oberdiek\epstopdf-base.sty
Package: epstopdf-base 2016/05/15 v2.6 Base part for package epstopdf

(G:\LaTex\MikTek\texmfs\install\tex\latex\oberdiek\grfext.sty
Package: grfext 2016/05/16 v1.2 Manage graphics extensions (HO)
)
Package epstopdf-base Info: Redefining graphics rule for `.eps' on input line 4
38.
Package grfext Info: Graphics extension search list:
(grfext)             [.png,.pdf,.jpg,.mps,.jpeg,.jbig2,.jb2,.PNG,.PDF,.JPG,.JPE
G,.JBIG2,.JB2,.eps]
(grfext)             \AppendGraphicsExtensions on input line 456.
)
Package caption Info: Begin \AtBeginDocument code.
Package caption Info: hyperref package is loaded.
Package caption Info: End \AtBeginDocument code.
\AtBeginShipoutBox=\box71
Package hyperref Info: Link coloring OFF on input line 71.

(G:\LaTex\MikTek\texmfs\install\tex\latex\hyperref\nameref.sty
Package: nameref 2016/05/21 v2.44 Cross-referencing by name of section

(G:\LaTex\MikTek\texmfs\install\tex\generic\oberdiek\gettitlestring.sty
Package: gettitlestring 2016/05/16 v1.5 Cleanup title references (HO)
)
\c@section@level=\count162
)
LaTeX Info: Redefining \ref on input line 71.
LaTeX Info: Redefining \pageref on input line 71.
LaTeX Info: Redefining \nameref on input line 71.

(Graphing_-_Programming_Project.out) (Graphing_-_Programming_Project.out)
\@outlinefile=\write6
\openout6 = `Graphing_-_Programming_Project.out'.

LaTeX Font Info:    Try loading font information for U+msa on input line 73.

(G:\LaTex\MikTek\texmfs\install\tex\latex\amsfonts\umsa.fd
File: umsa.fd 2013/01/14 v3.01 AMS symbols A
)
LaTeX Font Info:    Try loading font information for U+msb on input line 73.

(G:\LaTex\MikTek\texmfs\install\tex\latex\amsfonts\umsb.fd
File: umsb.fd 2013/01/14 v3.01 AMS symbols B
)
(Graphing_-_Programming_Project.toc)
\tf@toc=\write7
\openout7 = `Graphing_-_Programming_Project.toc'.

 [1

{G:/LaTex/MikTek/texmfs/data/pdftex/config/pdftex.map}]
LaTeX Font Info:    Try loading font information for OMS+cmr on input line 79.
 (G:\LaTex\MikTek\texmfs\install\tex\latex\base\omscmr.fd
File: omscmr.fd 2014/09/29 v2.5h Standard LaTeX font definitions
)
LaTeX Font Info:    Font shape `OMS/cmr/m/n' in size <10> not available
(Font)              Font shape `OMS/cmsy/m/n' tried instead on input line 79.
\openout3 = `Graphing_-_Programming_Project.pyg'.


(_minted-Graphing_-_Programming_Project/default-pyg-prefix.pygstyle)
(_minted-Graphing_-_Programming_Project/colorful.pygstyle)
(_minted-Graphing_-_Programming_Project/9B34C952821ECB36132764380909EBBEFD669DC
4CE7E2AD3E88BF6C4FCE9461E.pygtex
LaTeX Font Info:    Font shape `OT1/cmtt/bx/n' in size <10> not available
(Font)              Font shape `OT1/cmtt/m/n' tried instead on input line 2.
) [2] [3]
Underfull \hbox (badness 10000) in paragraph at lines 129--130

 []


Underfull \hbox (badness 10000) in paragraph at lines 131--134

 []


Underfull \hbox (badness 10000) in paragraph at lines 135--138

 []


Underfull \hbox (badness 10000) in paragraph at lines 155--158

 []

[4]
Underfull \hbox (badness 10000) in paragraph at lines 159--160

 []


Underfull \hbox (badness 10000) in paragraph at lines 161--167

 []


Underfull \hbox (badness 10000) in paragraph at lines 168--171

 []


Underfull \hbox (badness 10000) in paragraph at lines 172--175

 []


Underfull \hbox (badness 10000) in paragraph at lines 176--182

 []


Underfull \hbox (badness 10000) in paragraph at lines 183--187

 []

[5]
Underfull \hbox (badness 10000) in paragraph at lines 199--201

 []

[6] [7]
Underfull \hbox (badness 10000) in paragraph at lines 263--266

 []

[8]
File: Class/stack.1 Graphic file (type mps)
 [MP to PDF] (Class/stack.1)
File: Class/tree.1 Graphic file (type mps)
 [MP to PDF] (Class/tree.1) [9] [10] [11]
Underfull \hbox (badness 10000) in paragraph at lines 422--434

 []


Underfull \hbox (badness 10000) in paragraph at lines 422--434

 []


Underfull \hbox (badness 10000) in paragraph at lines 422--434

 []

[12]
Package atveryend Info: Empty hook `BeforeClearDocument' on input line 447.
 [13]
Package atveryend Info: Empty hook `AfterLastShipout' on input line 447.
 (Graphing_-_Programming_Project.aux)
Package atveryend Info: Executing hook `AtVeryEndDocument' on input line 447.
Package atveryend Info: Executing hook `AtEndAfterFileList' on input line 447.
Package rerunfilecheck Info: File `Graphing_-_Programming_Project.out' has not 
changed.
(rerunfilecheck)             Checksum: 4AA449AB75509E471F1368CE6B2A360E;640.
runsystem(del Graphing_-_Programming_Project.pyg)...executed.

 ) 
Here is how much of TeX's memory you used:
 12549 strings out of 495222
 200939 string characters out of 3181687
 360694 words of memory out of 3000000
 15461 multiletter control sequences out of 15000+200000
 15903 words of font info for 57 fonts, out of 3000000 for 9000
 14 hyphenation exceptions out of 8191
 44i,25n,43p,1241b,761s stack positions out of 5000i,500n,10000p,200000b,50000s
{G:/LaTex/MikTek/texmfs/install/fonts/enc/dvips/base/8r.enc}<G:/LaTex/MikTek/
texmfs/install/fonts/type1/public/amsfonts/cm/cmbx10.pfb><G:/LaTex/MikTek/texmf
s/install/fonts/type1/public/amsfonts/cm/cmbx12.pfb><G:/LaTex/MikTek/texmfs/ins
tall/fonts/type1/public/amsfonts/cm/cmbx7.pfb><G:/LaTex/MikTek/texmfs/install/f
onts/type1/public/amsfonts/cm/cmbxti10.pfb><G:/LaTex/MikTek/texmfs/install/font
s/type1/public/amsfonts/cm/cmex10.pfb><G:/LaTex/MikTek/texmfs/install/fonts/typ
e1/public/amsfonts/cm/cmmi10.pfb><G:/LaTex/MikTek/texmfs/install/fonts/type1/pu
blic/amsfonts/cm/cmmi7.pfb><G:/LaTex/MikTek/texmfs/install/fonts/type1/public/a
msfonts/cm/cmmi8.pfb><G:/LaTex/MikTek/texmfs/install/fonts/type1/public/amsfont
s/cm/cmr10.pfb><G:/LaTex/MikTek/texmfs/install/fonts/type1/public/amsfonts/cm/c
mr12.pfb><G:/LaTex/MikTek/texmfs/install/fonts/type1/public/amsfonts/cm/cmr17.p
fb><G:/LaTex/MikTek/texmfs/install/fonts/type1/public/amsfonts/cm/cmr6.pfb><G:/
LaTex/MikTek/texmfs/install/fonts/type1/public/amsfonts/cm/cmr7.pfb><G:/LaTex/M
ikTek/texmfs/install/fonts/type1/public/amsfonts/cm/cmr8.pfb><G:/LaTex/MikTek/t
exmfs/install/fonts/type1/public/amsfonts/cm/cmsy10.pfb><G:/LaTex/MikTek/texmfs
/install/fonts/type1/public/amsfonts/cm/cmsy8.pfb><G:/LaTex/MikTek/texmfs/insta
ll/fonts/type1/public/amsfonts/cm/cmti10.pfb><G:/LaTex/MikTek/texmfs/install/fo
nts/type1/public/amsfonts/cm/cmtt10.pfb><G:/LaTex/MikTek/texmfs/install/fonts/t
ype1/public/amsfonts/symbols/msbm10.pfb><G:/LaTex/MikTek/texmfs/install/fonts/t
ype1/urw/times/utmr8a.pfb>
Output written on Graphing_-_Programming_Project.pdf (13 pages, 295161 bytes).
PDF statistics:
 357 PDF objects out of 1000 (max. 8388607)
 153 named destinations out of 1000 (max. 500000)
 65 words of extra memory for PDF output out of 10000 (max. 10000000)

