\BOOKMARK [-1][-]{part.1}{I Analysis}{}% 1
\BOOKMARK [0][-]{chapter.1}{Introduction}{part.1}% 2
\BOOKMARK [0][-]{chapter.2}{Computational Methods}{part.1}% 3
\BOOKMARK [0][-]{chapter.3}{Interviews}{part.1}% 4
\BOOKMARK [1][-]{section.3.1}{Teacher Interview}{chapter.3}% 5
\BOOKMARK [1][-]{section.3.2}{Student Interview}{chapter.3}% 6
\BOOKMARK [0][-]{chapter.4}{Requirements}{part.1}% 7
\BOOKMARK [0][-]{chapter.5}{Similar Programs}{part.1}% 8
\BOOKMARK [1][-]{section.5.1}{Desmos}{chapter.5}% 9
\BOOKMARK [1][-]{section.5.2}{GeoGebra}{chapter.5}% 10
\BOOKMARK [1][-]{section.5.3}{GNU Octave}{chapter.5}% 11
\BOOKMARK [1][-]{section.5.4}{Comparison}{chapter.5}% 12
\BOOKMARK [-1][-]{part.2}{II Prototype I}{}% 13
\BOOKMARK [0][-]{chapter.6}{Design}{part.2}% 14
\BOOKMARK [1][-]{subsection.6.0.1}{Function Class}{chapter.6}% 15
\BOOKMARK [2][-]{subsubsection.6.0.1.1}{Binary Trees}{subsection.6.0.1}% 16
\BOOKMARK [3][-]{subsubsection.6.0.1.2}{Stack Based Programming}{subsubsection.6.0.1.1}% 17
\BOOKMARK [3][-]{subsubsection.6.0.1.3}{Analysis of the two Methods}{subsubsection.6.0.1.1}% 18
\BOOKMARK [3][-]{subsubsection.6.0.1.4}{Implementing Stacks and Trees}{subsubsection.6.0.1.1}% 19
\BOOKMARK [3][-]{subsubsection.6.0.1.5}{Parsing Algorithm}{subsubsection.6.0.1.1}% 20
